<?xml version="1.0" encoding="UTF-8"?>
<testng-results skipped="0" failed="0" ignored="0" total="2" passed="2">
  <reporter-output>
  </reporter-output>
  <suite name="All Test Suite" duration-ms="69131" started-at="2019-12-20T10:57:55 IST" finished-at="2019-12-20T10:59:04 IST">
    <groups>
    </groups>
    <test name="Pray4OneAutomation" duration-ms="69131" started-at="2019-12-20T10:57:55 IST" finished-at="2019-12-20T10:59:04 IST">
      <class name="com.Pray4One.TestCases.IntegrationTest1">
        <test-method status="PASS" signature="loginTest()[pri:1, instance:com.Pray4One.TestCases.IntegrationTest1@696b4a95]" name="loginTest" duration-ms="17935" started-at="2019-12-20T10:57:55 IST" description="Verify login" finished-at="2019-12-20T10:58:13 IST">
          <reporter-output>
          </reporter-output>
        </test-method> <!-- loginTest -->
        <test-method status="PASS" signature="requestaPrayer()[pri:2, instance:com.Pray4One.TestCases.IntegrationTest1@696b4a95]" name="requestaPrayer" duration-ms="50650" started-at="2019-12-20T10:58:13 IST" description="Request a Prayer" finished-at="2019-12-20T10:59:04 IST">
          <reporter-output>
          </reporter-output>
        </test-method> <!-- requestaPrayer -->
        <test-method status="PASS" signature="tearDown()[pri:0, instance:com.Pray4One.TestCases.IntegrationTest1@696b4a95]" name="tearDown" is-config="true" duration-ms="1425" started-at="2019-12-20T10:59:09 IST" finished-at="2019-12-20T10:59:11 IST">
          <reporter-output>
          </reporter-output>
        </test-method> <!-- tearDown -->
      </class> <!-- com.Pray4One.TestCases.IntegrationTest1 -->
    </test> <!-- Pray4OneAutomation -->
  </suite> <!-- All Test Suite -->
</testng-results>
