-------------------------------------------------------------------------------
Test set: TestSuite
-------------------------------------------------------------------------------
Tests run: 2, Failures: 1, Errors: 0, Skipped: 0, Time elapsed: 124.195 s <<< FAILURE! - in TestSuite
requestaPrayer(com.Pray4One.TestCases.IntegrationTest1)  Time elapsed: 65.727 s  <<< FAILURE!
java.lang.AssertionError: did not expect to find [true] but found [false]
	at com.Pray4One.TestCases.IntegrationTest1.requestaPrayer(IntegrationTest1.java:166)

