<?xml version="1.0" encoding="UTF-8"?>
<!-- Generated by org.testng.reporters.JUnitXMLReporter -->
<testsuite hostname="Praveen-MacBook-Air.local" ignored="0" name="Pray4OneAutomation" tests="2" failures="0" timestamp="2019-12-20T10:59:09 IST" time="69.131" errors="0">
  <testcase name="loginTest" time="17.935" classname="com.Pray4One.TestCases.IntegrationTest1"/>
  <testcase name="requestaPrayer" time="50.65" classname="com.Pray4One.TestCases.IntegrationTest1"/>
</testsuite> <!-- Pray4OneAutomation -->
